14:03:37.118 [main] DEBUG org.apache.poi.openxml4j.opc.PackageRelationshipCollection - Parsing relationship: /xl/worksheets/_rels/sheet1.xml.rels
14:03:37.139 [main] DEBUG org.apache.poi.openxml4j.opc.PackageRelationshipCollection - Parsing relationship: /_rels/.rels
14:03:37.196 [main] INFO  TestFunction.TravelInsuranceStudent - **********Starting of TravelInsurance**********
14:03:37.861 [main] INFO  TestFunction.TravelInsuranceStudent - Clicked on CarInsurance
14:03:43.324 [main] INFO  TestFunction.TravelInsuranceStudent - Clicked on BuyNewCar
14:03:43.686 [main] INFO  TestFunction.TravelInsuranceStudent - Clicked on BuyNewCar
14:03:46.339 [main] INFO  TestFunction.TravelInsuranceStudent - Filled  CarDetails 
14:03:49.957 [main] INFO  TestFunction.TravelInsuranceStudent - **********Ending of TravelInsurance**********
14:03:49.964 [main] INFO  TestFunction.TravelInsuranceStudent - **********Starting of TravelInsurance**********
14:04:06.039 [main] INFO  TestFunction.TravelInsuranceStudent - Filled Valid Inputs
14:04:06.040 [main] INFO  TestFunction.TravelInsuranceStudent - **********Ending of TravelInsurance**********
14:04:06.049 [main] INFO  TestFunction.TravelInsuranceStudent - **********Starting of TravelInsurance**********
14:04:07.349 [main] INFO  TestFunction.TravelInsuranceStudent - CarQoute was Taken
14:04:08.386 [main] INFO  TestFunction.TravelInsuranceStudent - **********Ending of TravelInsurance**********
14:04:08.396 [main] INFO  TestFunction.TravelInsuranceStudent - **********Starting of TravelInsurance**********
14:04:08.415 [main] DEBUG org.apache.poi.openxml4j.opc.PackageRelationshipCollection - Parsing relationship: /xl/_rels/workbook.xml.rels
14:04:08.419 [main] DEBUG org.apache.poi.openxml4j.opc.PackageRelationshipCollection - Parsing relationship: /xl/worksheets/_rels/sheet1.xml.rels
14:04:08.420 [main] DEBUG org.apache.poi.openxml4j.opc.PackageRelationshipCollection - Parsing relationship: /_rels/.rels
14:05:00.459 [main] INFO  TestFunction.TravelInsuranceStudent - HealthInsurance was Taken
14:05:01.223 [main] DEBUG org.apache.poi.openxml4j.opc.ZipPackage - Save core properties part
14:05:01.223 [main] DEBUG org.apache.poi.openxml4j.opc.ZipPackage - Save content types part
14:05:01.356 [main] DEBUG org.apache.poi.openxml4j.opc.ZipPackage - Save package relationships
14:05:01.360 [main] DEBUG org.apache.poi.openxml4j.opc.ZipPackage - Save part 'docProps/app.xml'
14:05:01.361 [main] DEBUG org.apache.poi.openxml4j.opc.ZipPackage - Save part 'docProps/core.xml'
14:05:01.366 [main] DEBUG org.apache.poi.openxml4j.opc.ZipPackage - Save part 'xl/sharedStrings.xml'
14:05:01.366 [main] DEBUG org.apache.poi.openxml4j.opc.ZipPackage - Save part 'xl/styles.xml'
14:05:01.367 [main] DEBUG org.apache.poi.openxml4j.opc.ZipPackage - Save part 'xl/workbook.xml'
14:05:01.369 [main] DEBUG org.apache.poi.openxml4j.opc.ZipPackage - Save part 'xl/worksheets/sheet1.xml'
14:05:01.370 [main] DEBUG org.apache.poi.openxml4j.opc.ZipPackage - Save part 'xl/worksheets/sheet2.xml'
14:05:01.370 [main] DEBUG org.apache.poi.openxml4j.opc.ZipPackage - Save part 'xl/worksheets/sheet3.xml'
14:05:01.373 [main] DEBUG org.apache.poi.openxml4j.opc.ZipPackage - Save content types part
14:05:01.376 [main] DEBUG org.apache.poi.openxml4j.opc.ZipPackage - Save package relationships
14:05:01.379 [main] DEBUG org.apache.poi.openxml4j.opc.ZipPackage - Save part 'docProps/app.xml'
14:05:01.379 [main] DEBUG org.apache.poi.openxml4j.opc.ZipPackage - Save part 'docProps/core.xml'
14:05:01.382 [main] DEBUG org.apache.poi.openxml4j.opc.ZipPackage - Save part 'xl/sharedStrings.xml'
14:05:01.382 [main] DEBUG org.apache.poi.openxml4j.opc.ZipPackage - Save part 'xl/styles.xml'
14:05:01.383 [main] DEBUG org.apache.poi.openxml4j.opc.ZipPackage - Save part 'xl/workbook.xml'
14:05:01.385 [main] DEBUG org.apache.poi.openxml4j.opc.ZipPackage - Save part 'xl/worksheets/sheet1.xml'
14:05:01.386 [main] DEBUG org.apache.poi.openxml4j.opc.ZipPackage - Save part 'xl/worksheets/sheet2.xml'
14:05:01.386 [main] DEBUG org.apache.poi.openxml4j.opc.ZipPackage - Save part 'xl/worksheets/sheet3.xml'
14:05:01.389 [main] INFO  TestFunction.TravelInsuranceStudent - **********Ending of TravelInsurance**********
